We are running with:
erlang 24.0.5 /Users/erszcz/.tool-versions
gradualizer tests 0.1.3-253-g1d159ea
Dialyzer version v4.4.1
ETC git 677c763
Gradualizer v0.1.3-249-g51a8029
make: `.dialyzer_plt' is up to date.

/Users/erszcz/work/erszcz/gradualizer/test/should_pass/unary_plus.erl
      dialyzer	ok
           etc	failed
   gradualizer	ok

/Users/erszcz/work/erszcz/gradualizer/test/should_pass/user_type_in_pattern_body.erl
      dialyzer	ok
           etc	failed
   gradualizer	ok

/Users/erszcz/work/erszcz/gradualizer/test/should_pass/refine_comparison.erl
      dialyzer	ok
           etc	ok
   gradualizer	ok

/Users/erszcz/work/erszcz/gradualizer/test/should_pass/negate_none.erl
      dialyzer	failed
           etc	failed
   gradualizer	ok

/Users/erszcz/work/erszcz/gradualizer/test/should_pass/operator_pattern_pass.erl
      dialyzer	ok
           etc	failed
   gradualizer	ok

/Users/erszcz/work/erszcz/gradualizer/test/should_pass/map_field_valid_update.erl
      dialyzer	ok
           etc	failed
   gradualizer	ok

/Users/erszcz/work/erszcz/gradualizer/test/should_pass/qlc_test.erl
      dialyzer	ok
           etc	ok
   gradualizer	ok

/Users/erszcz/work/erszcz/gradualizer/test/should_pass/recursive_types_passing.erl
      dialyzer	ok
           etc	failed
   gradualizer	ok

/Users/erszcz/work/erszcz/gradualizer/test/should_pass/list_infer_pass.erl
      dialyzer	ok
           etc	ok
   gradualizer	ok

/Users/erszcz/work/erszcz/gradualizer/test/should_pass/int.erl
      dialyzer	ok
           etc	ok
   gradualizer	ok

/Users/erszcz/work/erszcz/gradualizer/test/should_pass/alias_in_pattern.erl
      dialyzer	ok
           etc	failed
   gradualizer	ok

/Users/erszcz/work/erszcz/gradualizer/test/should_pass/covariant_map_keys_pass.erl
      dialyzer	ok
           etc	ok
   gradualizer	ok

/Users/erszcz/work/erszcz/gradualizer/test/should_pass/opaque.erl
      dialyzer	ok
           etc	failed
   gradualizer	ok

/Users/erszcz/work/erszcz/gradualizer/test/should_pass/map_passing_expr.erl
      dialyzer	ok
           etc	ok
   gradualizer	ok

/Users/erszcz/work/erszcz/gradualizer/test/should_pass/catch_expr_pass.erl
      dialyzer	ok
           etc	failed
   gradualizer	ok

/Users/erszcz/work/erszcz/gradualizer/test/should_pass/list_exhaustiveness_checking_regressions2.erl
      dialyzer	ok
           etc	ok
   gradualizer	ok

/Users/erszcz/work/erszcz/gradualizer/test/should_pass/binary_literal_pattern.erl
      dialyzer	ok
           etc	failed
   gradualizer	ok

/Users/erszcz/work/erszcz/gradualizer/test/should_pass/minus.erl
      dialyzer	ok
           etc	failed
   gradualizer	ok

/Users/erszcz/work/erszcz/gradualizer/test/should_pass/send_pass.erl
      dialyzer	ok
           etc	ok
   gradualizer	ok

/Users/erszcz/work/erszcz/gradualizer/test/should_pass/bc_pass.erl
      dialyzer	ok
           etc	failed
   gradualizer	ok

/Users/erszcz/work/erszcz/gradualizer/test/should_pass/listsspecs.erl
      dialyzer	ok
           etc	failed
   gradualizer	ok

/Users/erszcz/work/erszcz/gradualizer/test/should_pass/nested_pattern_match.erl
      dialyzer	ok
           etc	failed
   gradualizer	ok

/Users/erszcz/work/erszcz/gradualizer/test/should_pass/any.erl
      dialyzer	ok
           etc	ok
   gradualizer	ok

/Users/erszcz/work/erszcz/gradualizer/test/should_pass/minimised_gradualizer_fmt.erl
      dialyzer	ok
           etc	failed
   gradualizer	ok

/Users/erszcz/work/erszcz/gradualizer/test/should_pass/messaging_pass.erl
      dialyzer	ok
           etc	failed
   gradualizer	ok

/Users/erszcz/work/erszcz/gradualizer/test/should_pass/record_refinement.erl
      dialyzer	ok
           etc	failed
   gradualizer	ok

/Users/erszcz/work/erszcz/gradualizer/test/should_pass/flow.erl
      dialyzer	failed
           etc	ok
   gradualizer	ok

/Users/erszcz/work/erszcz/gradualizer/test/should_pass/iodata.erl
      dialyzer	failed
           etc	failed
   gradualizer	ok

/Users/erszcz/work/erszcz/gradualizer/test/should_pass/varbind_in_block.erl
      dialyzer	ok
           etc	ok
   gradualizer	ok

/Users/erszcz/work/erszcz/gradualizer/test/should_pass/named_fun_pass.erl
      dialyzer	failed
           etc	failed
   gradualizer	ok

/Users/erszcz/work/erszcz/gradualizer/test/should_pass/underscore.erl
      dialyzer	ok
           etc	ok
   gradualizer	ok

/Users/erszcz/work/erszcz/gradualizer/test/should_pass/pattern_with_ty_vars.erl
      dialyzer	ok
           etc	ok
   gradualizer	ok

/Users/erszcz/work/erszcz/gradualizer/test/should_pass/any_pattern.erl
      dialyzer	ok
           etc	failed
   gradualizer	ok

/Users/erszcz/work/erszcz/gradualizer/test/should_pass/tuple_union_pass.erl
      dialyzer	ok
           etc	failed
   gradualizer	ok

/Users/erszcz/work/erszcz/gradualizer/test/should_pass/shortcut_ops_pass.erl
      dialyzer	ok
           etc	failed
   gradualizer	ok

/Users/erszcz/work/erszcz/gradualizer/test/should_pass/type_variable.erl
      dialyzer	ok
           etc	failed
   gradualizer	ok

/Users/erszcz/work/erszcz/gradualizer/test/should_pass/try.erl
      dialyzer	ok
           etc	failed
   gradualizer	ok

/Users/erszcz/work/erszcz/gradualizer/test/should_pass/cyclic_otp_specs.erl
      dialyzer	ok
           etc	ok
   gradualizer	ok

/Users/erszcz/work/erszcz/gradualizer/test/should_pass/factorial.erl
      dialyzer	ok
           etc	ok
   gradualizer	ok

/Users/erszcz/work/erszcz/gradualizer/test/should_pass/issue131.erl
      dialyzer	ok
           etc	ok
   gradualizer	ok

/Users/erszcz/work/erszcz/gradualizer/test/should_pass/fun_spec.erl
      dialyzer	ok
           etc	ok
   gradualizer	ok

/Users/erszcz/work/erszcz/gradualizer/test/should_pass/varbind_in_function_head.erl
      dialyzer	ok
           etc	failed
   gradualizer	ok

/Users/erszcz/work/erszcz/gradualizer/test/should_pass/nonempty_list_match_in_head_exhaustive.erl
      dialyzer	ok
           etc	failed
   gradualizer	ok

/Users/erszcz/work/erszcz/gradualizer/test/should_pass/map_pattern.erl
      dialyzer	ok
           etc	failed
   gradualizer	ok

/Users/erszcz/work/erszcz/gradualizer/test/should_pass/operator_subtypes.erl
      dialyzer	ok
           etc	failed
   gradualizer	ok

/Users/erszcz/work/erszcz/gradualizer/test/should_pass/nonempty_cons.erl
      dialyzer	ok
           etc	ok
   gradualizer	ok

/Users/erszcz/work/erszcz/gradualizer/test/should_pass/record_wildcard_pass.erl
      dialyzer	ok
           etc	failed
   gradualizer	ok

/Users/erszcz/work/erszcz/gradualizer/test/should_pass/intersection_pass.erl
      dialyzer	ok
           etc	failed
   gradualizer	ok

/Users/erszcz/work/erszcz/gradualizer/test/should_pass/imported.erl
      dialyzer	ok
           etc	ok
   gradualizer	ok

/Users/erszcz/work/erszcz/gradualizer/test/should_pass/nonempty_string.erl
      dialyzer	ok
           etc	failed
   gradualizer	ok

/Users/erszcz/work/erszcz/gradualizer/test/should_pass/return_fun.erl
      dialyzer	failed
           etc	failed
   gradualizer	ok

/Users/erszcz/work/erszcz/gradualizer/test/should_pass/map_creation.erl
      dialyzer	ok
           etc	ok
   gradualizer	ok

/Users/erszcz/work/erszcz/gradualizer/test/should_pass/ann_types.erl
      dialyzer	ok
           etc	failed
   gradualizer	ok

/Users/erszcz/work/erszcz/gradualizer/test/should_pass/andalso_any.erl
      dialyzer	failed
           etc	failed
   gradualizer	ok

/Users/erszcz/work/erszcz/gradualizer/test/should_pass/remote_types.erl
      dialyzer	ok
           etc	failed
   gradualizer	ok

/Users/erszcz/work/erszcz/gradualizer/test/should_pass/case_of_record_with_user_defined.erl
      dialyzer	ok
           etc	failed
   gradualizer	ok

/Users/erszcz/work/erszcz/gradualizer/test/should_pass/bitstring.erl
      dialyzer	ok
           etc	failed
   gradualizer	ok

/Users/erszcz/work/erszcz/gradualizer/test/should_pass/sets_set.erl
      dialyzer	ok
           etc	ok
   gradualizer	ok

/Users/erszcz/work/erszcz/gradualizer/test/should_pass/pattern_bind_reuse.erl
      dialyzer	ok
           etc	failed
   gradualizer	ok

/Users/erszcz/work/erszcz/gradualizer/test/should_pass/case.erl
      dialyzer	ok
           etc	ok
   gradualizer	ok

/Users/erszcz/work/erszcz/gradualizer/test/should_pass/bool.erl
      dialyzer	ok
           etc	failed
   gradualizer	ok

/Users/erszcz/work/erszcz/gradualizer/test/should_pass/varbind_in_case.erl
      dialyzer	ok
           etc	failed
   gradualizer	ok

/Users/erszcz/work/erszcz/gradualizer/test/should_pass/records.erl
      dialyzer	failed
           etc	failed
   gradualizer	ok

/Users/erszcz/work/erszcz/gradualizer/test/should_pass/variable_binding_leaks.erl
      dialyzer	ok
           etc	failed
   gradualizer	ok

/Users/erszcz/work/erszcz/gradualizer/test/should_pass/type_refinement_pass.erl
      dialyzer	ok
           etc	failed
   gradualizer	ok

/Users/erszcz/work/erszcz/gradualizer/test/should_pass/map_update_with_record_field.erl
      dialyzer	ok
           etc	failed
   gradualizer	ok

/Users/erszcz/work/erszcz/gradualizer/test/should_pass/list_exhaustiveness_checking_unreachable_clause_regression.erl
      dialyzer	ok
           etc	ok
   gradualizer	ok

/Users/erszcz/work/erszcz/gradualizer/test/should_pass/if_expr.erl
      dialyzer	ok
           etc	ok
   gradualizer	ok

/Users/erszcz/work/erszcz/gradualizer/test/should_pass/fun_capture.erl
      dialyzer	ok
           etc	failed
   gradualizer	ok

/Users/erszcz/work/erszcz/gradualizer/test/should_pass/map_passing_subtyping.erl
      dialyzer	ok
           etc	failed
   gradualizer	ok

/Users/erszcz/work/erszcz/gradualizer/test/should_pass/preludes.erl
      dialyzer	ok
           etc	ok
   gradualizer	ok

/Users/erszcz/work/erszcz/gradualizer/test/should_pass/lc.erl
      dialyzer	ok
           etc	failed
   gradualizer	ok

/Users/erszcz/work/erszcz/gradualizer/test/should_pass/record_var.erl
      dialyzer	ok
           etc	failed
   gradualizer	ok

/Users/erszcz/work/erszcz/gradualizer/test/should_pass/record_with_user_defined.erl
      dialyzer	ok
           etc	failed
   gradualizer	ok

/Users/erszcz/work/erszcz/gradualizer/test/should_pass/nonexhaustive_record_pattern.erl
      dialyzer	ok
           etc	ok
   gradualizer	ok

/Users/erszcz/work/erszcz/gradualizer/test/should_pass/record_info.erl
      dialyzer	ok
           etc	failed
   gradualizer	ok

/Users/erszcz/work/erszcz/gradualizer/test/should_pass/type_vars_term.erl
      dialyzer	ok
           etc	ok
   gradualizer	ok

/Users/erszcz/work/erszcz/gradualizer/test/should_pass/var_fun.erl
      dialyzer	ok
           etc	failed
   gradualizer	ok

/Users/erszcz/work/erszcz/gradualizer/test/should_pass/tuple_union_pat.erl
      dialyzer	ok
           etc	ok
   gradualizer	ok

/Users/erszcz/work/erszcz/gradualizer/test/should_pass/user_types.erl
      dialyzer	ok
           etc	ok
   gradualizer	ok

/Users/erszcz/work/erszcz/gradualizer/test/should_pass/varbind_in_lc.erl
      dialyzer	ok
           etc	failed
   gradualizer	ok

/Users/erszcz/work/erszcz/gradualizer/test/should_pass/guard.erl
      dialyzer	ok
           etc	failed
   gradualizer	ok

/Users/erszcz/work/erszcz/gradualizer/test/should_pass/pattern_record.erl
      dialyzer	ok
           etc	failed
   gradualizer	ok

/Users/erszcz/work/erszcz/gradualizer/test/should_pass/block_scope.erl
      dialyzer	ok
           etc	failed
   gradualizer	ok

/Users/erszcz/work/erszcz/gradualizer/test/should_pass/named_fun_infer_pass.erl
      dialyzer	failed
           etc	failed
   gradualizer	ok

/Users/erszcz/work/erszcz/gradualizer/test/should_pass/map_update1.erl
      dialyzer	ok
           etc	failed
   gradualizer	ok

/Users/erszcz/work/erszcz/gradualizer/test/should_pass/tuple.erl
      dialyzer	ok
           etc	ok
   gradualizer	ok

/Users/erszcz/work/erszcz/gradualizer/test/should_pass/list.erl
      dialyzer	ok
           etc	failed
   gradualizer	ok

/Users/erszcz/work/erszcz/gradualizer/test/should_pass/other_module.erl
      dialyzer	ok
           etc	ok
   gradualizer	ok

/Users/erszcz/work/erszcz/gradualizer/test/should_pass/annotated_types.erl
      dialyzer	ok
           etc	failed
   gradualizer	ok

/Users/erszcz/work/erszcz/gradualizer/test/should_pass/variable_binding.erl
      dialyzer	ok
           etc	failed
   gradualizer	ok

/Users/erszcz/work/erszcz/gradualizer/test/should_pass/float.erl
      dialyzer	ok
           etc	ok
   gradualizer	ok

/Users/erszcz/work/erszcz/gradualizer/test/should_pass/map.erl
      dialyzer	ok
           etc	ok
   gradualizer	ok

/Users/erszcz/work/erszcz/gradualizer/test/should_pass/list_exhaustiveness_checking_regressions.erl
      dialyzer	ok
           etc	ok
   gradualizer	ok

/Users/erszcz/work/erszcz/gradualizer/test/should_pass/type_pattern.erl
      dialyzer	ok
           etc	failed
   gradualizer	ok

/Users/erszcz/work/erszcz/gradualizer/test/should_pass/intersection_with_any_pass.erl
      dialyzer	ok
           etc	ok
   gradualizer	ok

/Users/erszcz/work/erszcz/gradualizer/test/should_pass/stuff_as_top.erl
      dialyzer	ok
           etc	failed
   gradualizer	ok

/Users/erszcz/work/erszcz/gradualizer/test/should_pass/bounded_funs.erl
      dialyzer	ok
           etc	failed
   gradualizer	ok

/Users/erszcz/work/erszcz/gradualizer/test/should_pass/var.erl
      dialyzer	ok
           etc	ok
   gradualizer	ok

/Users/erszcz/work/erszcz/gradualizer/test/should_pass/type_decl.erl
      dialyzer	ok
           etc	ok
   gradualizer	ok

/Users/erszcz/work/erszcz/gradualizer/test/should_pass/binary_exhaustiveness_checking.erl
      dialyzer	failed
           etc	failed
   gradualizer	ok

/Users/erszcz/work/erszcz/gradualizer/test/should_pass/map_as_argument_update.erl
      dialyzer	ok
           etc	failed
   gradualizer	ok

/Users/erszcz/work/erszcz/gradualizer/test/should_pass/scope.erl
      dialyzer	failed
           etc	ok
   gradualizer	ok

