We are running with:
erlang 24.0.5 /Users/erszcz/.tool-versions
gradualizer tests 0.1.3-253-g1d159ea
Dialyzer version v4.4.1
ETC git 677c763
Gradualizer v0.1.3-249-g51a8029
make: `.dialyzer_plt' is up to date.

/Users/erszcz/work/erszcz/gradualizer/test/should_pass/unary_plus.erl
      dialyzer	ok
           etc	failed
   gradualizer	ok

/Users/erszcz/work/erszcz/gradualizer/test/should_pass/user_type_in_pattern_body.erl
      dialyzer	ok
           etc	failed
   gradualizer	ok

/Users/erszcz/work/erszcz/gradualizer/test/should_pass/refine_comparison.erl
      dialyzer	ok
           etc	ok
   gradualizer	ok

/Users/erszcz/work/erszcz/gradualizer/test/should_pass/negate_none.erl
      dialyzer	failed
           etc	failed
   gradualizer	ok

/Users/erszcz/work/erszcz/gradualizer/test/should_pass/operator_pattern_pass.erl
      dialyzer	ok
           etc	failed
   gradualizer	ok

/Users/erszcz/work/erszcz/gradualizer/test/should_pass/map_field_valid_update.erl
      dialyzer	ok
           etc	failed
   gradualizer	ok

/Users/erszcz/work/erszcz/gradualizer/test/should_pass/qlc_test.erl
      dialyzer	ok
           etc	ok
   gradualizer	ok

/Users/erszcz/work/erszcz/gradualizer/test/should_pass/recursive_types_passing.erl
      dialyzer	ok
           etc	failed
   gradualizer	ok

/Users/erszcz/work/erszcz/gradualizer/test/should_pass/list_infer_pass.erl
      dialyzer	ok
           etc	ok
   gradualizer	ok

/Users/erszcz/work/erszcz/gradualizer/test/should_pass/int.erl
      dialyzer	ok
           etc	ok
   gradualizer	ok

/Users/erszcz/work/erszcz/gradualizer/test/should_pass/alias_in_pattern.erl
      dialyzer	ok
           etc	failed
   gradualizer	ok

/Users/erszcz/work/erszcz/gradualizer/test/should_pass/covariant_map_keys_pass.erl
      dialyzer	ok
           etc	ok
   gradualizer	ok

/Users/erszcz/work/erszcz/gradualizer/test/should_pass/opaque.erl
      dialyzer	ok
           etc	failed
   gradualizer	ok

/Users/erszcz/work/erszcz/gradualizer/test/should_pass/map_passing_expr.erl
      dialyzer	ok
           etc	ok
   gradualizer	ok

/Users/erszcz/work/erszcz/gradualizer/test/should_pass/catch_expr_pass.erl
      dialyzer	ok
           etc	failed
   gradualizer	ok

/Users/erszcz/work/erszcz/gradualizer/test/should_pass/list_exhaustiveness_checking_regressions2.erl
      dialyzer	ok
           etc	ok
   gradualizer	ok

/Users/erszcz/work/erszcz/gradualizer/test/should_pass/binary_literal_pattern.erl
      dialyzer	ok
           etc	failed
   gradualizer	ok

/Users/erszcz/work/erszcz/gradualizer/test/should_pass/minus.erl
      dialyzer	ok
           etc	failed
   gradualizer	ok

/Users/erszcz/work/erszcz/gradualizer/test/should_pass/send_pass.erl
      dialyzer	ok
           etc	ok
   gradualizer	ok

/Users/erszcz/work/erszcz/gradualizer/test/should_pass/bc_pass.erl
      dialyzer	ok
           etc	failed
   gradualizer	ok

/Users/erszcz/work/erszcz/gradualizer/test/should_pass/listsspecs.erl
      dialyzer	ok
           etc	failed
   gradualizer	ok

/Users/erszcz/work/erszcz/gradualizer/test/should_pass/nested_pattern_match.erl
      dialyzer	ok
           etc	failed
   gradualizer	ok

/Users/erszcz/work/erszcz/gradualizer/test/should_pass/any.erl
      dialyzer	ok
           etc	ok
   gradualizer	ok

/Users/erszcz/work/erszcz/gradualizer/test/should_pass/minimised_gradualizer_fmt.erl
      dialyzer	ok
           etc	failed
   gradualizer	ok

/Users/erszcz/work/erszcz/gradualizer/test/should_pass/messaging_pass.erl
      dialyzer	ok
           etc	failed
   gradualizer	ok

/Users/erszcz/work/erszcz/gradualizer/test/should_pass/record_refinement.erl
      dialyzer	ok
           etc	failed
   gradualizer	ok

/Users/erszcz/work/erszcz/gradualizer/test/should_pass/flow.erl
      dialyzer	failed
           etc	ok
   gradualizer	ok

/Users/erszcz/work/erszcz/gradualizer/test/should_pass/iodata.erl
      dialyzer	failed
           etc	failed
   gradualizer	ok

/Users/erszcz/work/erszcz/gradualizer/test/should_pass/varbind_in_block.erl
      dialyzer	ok
           etc	ok
   gradualizer	ok

/Users/erszcz/work/erszcz/gradualizer/test/should_pass/named_fun_pass.erl
      dialyzer	failed
           etc	failed
   gradualizer	ok

/Users/erszcz/work/erszcz/gradualizer/test/should_pass/underscore.erl
      dialyzer	ok
           etc	ok
   gradualizer	ok

/Users/erszcz/work/erszcz/gradualizer/test/should_pass/pattern_with_ty_vars.erl
      dialyzer	ok
           etc	ok
   gradualizer	ok

/Users/erszcz/work/erszcz/gradualizer/test/should_pass/any_pattern.erl
      dialyzer	ok
           etc	failed
   gradualizer	ok

/Users/erszcz/work/erszcz/gradualizer/test/should_pass/tuple_union_pass.erl
      dialyzer	ok
           etc	failed
   gradualizer	ok

/Users/erszcz/work/erszcz/gradualizer/test/should_pass/shortcut_ops_pass.erl
      dialyzer	ok
           etc	failed
   gradualizer	ok

/Users/erszcz/work/erszcz/gradualizer/test/should_pass/type_variable.erl
      dialyzer	ok
           etc	failed
   gradualizer	ok

/Users/erszcz/work/erszcz/gradualizer/test/should_pass/try.erl
      dialyzer	ok
           etc	failed
   gradualizer	ok

/Users/erszcz/work/erszcz/gradualizer/test/should_pass/cyclic_otp_specs.erl
      dialyzer	ok
           etc	ok
   gradualizer	ok

/Users/erszcz/work/erszcz/gradualizer/test/should_pass/factorial.erl
      dialyzer	ok
           etc	ok
   gradualizer	ok

/Users/erszcz/work/erszcz/gradualizer/test/should_pass/issue131.erl
      dialyzer	ok
           etc	ok
   gradualizer	ok

/Users/erszcz/work/erszcz/gradualizer/test/should_pass/fun_spec.erl
      dialyzer	ok
           etc	ok
   gradualizer	ok

/Users/erszcz/work/erszcz/gradualizer/test/should_pass/varbind_in_function_head.erl
      dialyzer	ok
           etc	failed
   gradualizer	ok

/Users/erszcz/work/erszcz/gradualizer/test/should_pass/nonempty_list_match_in_head_exhaustive.erl
      dialyzer	ok
           etc	failed
   gradualizer	ok

/Users/erszcz/work/erszcz/gradualizer/test/should_pass/map_pattern.erl
      dialyzer	ok
           etc	failed
   gradualizer	ok

/Users/erszcz/work/erszcz/gradualizer/test/should_pass/operator_subtypes.erl
      dialyzer	ok
           etc	failed
   gradualizer	ok

/Users/erszcz/work/erszcz/gradualizer/test/should_pass/nonempty_cons.erl
      dialyzer	ok
           etc	ok
   gradualizer	ok

/Users/erszcz/work/erszcz/gradualizer/test/should_pass/record_wildcard_pass.erl
      dialyzer	ok
           etc	failed
   gradualizer	ok

/Users/erszcz/work/erszcz/gradualizer/test/should_pass/intersection_pass.erl
      dialyzer	ok
           etc	failed
   gradualizer	ok

/Users/erszcz/work/erszcz/gradualizer/test/should_pass/imported.erl
      dialyzer	ok
           etc	ok
   gradualizer	ok

/Users/erszcz/work/erszcz/gradualizer/test/should_pass/nonempty_string.erl
      dialyzer	ok
           etc	failed
   gradualizer	ok

/Users/erszcz/work/erszcz/gradualizer/test/should_pass/return_fun.erl
      dialyzer	failed
           etc	failed
   gradualizer	ok

/Users/erszcz/work/erszcz/gradualizer/test/should_pass/map_creation.erl
      dialyzer	ok
           etc	ok
   gradualizer	ok

/Users/erszcz/work/erszcz/gradualizer/test/should_pass/ann_types.erl
      dialyzer	ok
           etc	failed
   gradualizer	ok

/Users/erszcz/work/erszcz/gradualizer/test/should_pass/andalso_any.erl
      dialyzer	failed
           etc	failed
   gradualizer	ok

/Users/erszcz/work/erszcz/gradualizer/test/should_pass/remote_types.erl
      dialyzer	ok
           etc	failed
   gradualizer	ok

/Users/erszcz/work/erszcz/gradualizer/test/should_pass/case_of_record_with_user_defined.erl
      dialyzer	ok
           etc	failed
   gradualizer	ok

/Users/erszcz/work/erszcz/gradualizer/test/should_pass/bitstring.erl
      dialyzer	ok
           etc	failed
   gradualizer	ok

/Users/erszcz/work/erszcz/gradualizer/test/should_pass/sets_set.erl
      dialyzer	ok
           etc	ok
   gradualizer	ok

/Users/erszcz/work/erszcz/gradualizer/test/should_pass/pattern_bind_reuse.erl
      dialyzer	ok
           etc	failed
   gradualizer	ok

/Users/erszcz/work/erszcz/gradualizer/test/should_pass/case.erl
      dialyzer	ok
           etc	ok
   gradualizer	ok

/Users/erszcz/work/erszcz/gradualizer/test/should_pass/bool.erl
      dialyzer	ok
           etc	failed
   gradualizer	ok

/Users/erszcz/work/erszcz/gradualizer/test/should_pass/varbind_in_case.erl
      dialyzer	ok
           etc	failed
   gradualizer	ok

/Users/erszcz/work/erszcz/gradualizer/test/should_pass/records.erl
      dialyzer	failed
           etc	failed
   gradualizer	ok

/Users/erszcz/work/erszcz/gradualizer/test/should_pass/variable_binding_leaks.erl
      dialyzer	ok
           etc	failed
   gradualizer	ok

/Users/erszcz/work/erszcz/gradualizer/test/should_pass/type_refinement_pass.erl
      dialyzer	ok
           etc	failed
   gradualizer	ok

/Users/erszcz/work/erszcz/gradualizer/test/should_pass/map_update_with_record_field.erl
      dialyzer	ok
           etc	failed
   gradualizer	ok

/Users/erszcz/work/erszcz/gradualizer/test/should_pass/list_exhaustiveness_checking_unreachable_clause_regression.erl
      dialyzer	ok
           etc	ok
   gradualizer	ok

/Users/erszcz/work/erszcz/gradualizer/test/should_pass/if_expr.erl
      dialyzer	ok
           etc	ok
   gradualizer	ok

/Users/erszcz/work/erszcz/gradualizer/test/should_pass/fun_capture.erl
      dialyzer	ok
           etc	failed
   gradualizer	ok

/Users/erszcz/work/erszcz/gradualizer/test/should_pass/map_passing_subtyping.erl
      dialyzer	ok
           etc	failed
   gradualizer	ok

/Users/erszcz/work/erszcz/gradualizer/test/should_pass/preludes.erl
      dialyzer	ok
           etc	ok
   gradualizer	ok

/Users/erszcz/work/erszcz/gradualizer/test/should_pass/lc.erl
      dialyzer	ok
           etc	failed
   gradualizer	ok

/Users/erszcz/work/erszcz/gradualizer/test/should_pass/record_var.erl
      dialyzer	ok
           etc	failed
   gradualizer	ok

/Users/erszcz/work/erszcz/gradualizer/test/should_pass/record_with_user_defined.erl
      dialyzer	ok
           etc	failed
   gradualizer	ok

/Users/erszcz/work/erszcz/gradualizer/test/should_pass/nonexhaustive_record_pattern.erl
      dialyzer	ok
           etc	ok
   gradualizer	ok

/Users/erszcz/work/erszcz/gradualizer/test/should_pass/record_info.erl
      dialyzer	ok
           etc	failed
   gradualizer	ok

/Users/erszcz/work/erszcz/gradualizer/test/should_pass/type_vars_term.erl
      dialyzer	ok
           etc	ok
   gradualizer	ok

/Users/erszcz/work/erszcz/gradualizer/test/should_pass/var_fun.erl
      dialyzer	ok
           etc	failed
   gradualizer	ok

/Users/erszcz/work/erszcz/gradualizer/test/should_pass/tuple_union_pat.erl
      dialyzer	ok
           etc	ok
   gradualizer	ok

/Users/erszcz/work/erszcz/gradualizer/test/should_pass/user_types.erl
      dialyzer	ok
           etc	ok
   gradualizer	ok

/Users/erszcz/work/erszcz/gradualizer/test/should_pass/varbind_in_lc.erl
      dialyzer	ok
           etc	failed
   gradualizer	ok

/Users/erszcz/work/erszcz/gradualizer/test/should_pass/guard.erl
      dialyzer	ok
           etc	failed
   gradualizer	ok

/Users/erszcz/work/erszcz/gradualizer/test/should_pass/pattern_record.erl
      dialyzer	ok
           etc	failed
   gradualizer	ok

/Users/erszcz/work/erszcz/gradualizer/test/should_pass/block_scope.erl
      dialyzer	ok
           etc	failed
   gradualizer	ok

/Users/erszcz/work/erszcz/gradualizer/test/should_pass/named_fun_infer_pass.erl
      dialyzer	failed
           etc	failed
   gradualizer	ok

/Users/erszcz/work/erszcz/gradualizer/test/should_pass/map_update1.erl
      dialyzer	ok
           etc	failed
   gradualizer	ok

/Users/erszcz/work/erszcz/gradualizer/test/should_pass/tuple.erl
      dialyzer	ok
           etc	ok
   gradualizer	ok

/Users/erszcz/work/erszcz/gradualizer/test/should_pass/list.erl
      dialyzer	ok
           etc	failed
   gradualizer	ok

/Users/erszcz/work/erszcz/gradualizer/test/should_pass/other_module.erl
      dialyzer	ok
           etc	ok
   gradualizer	ok

/Users/erszcz/work/erszcz/gradualizer/test/should_pass/annotated_types.erl
      dialyzer	ok
           etc	failed
   gradualizer	ok

/Users/erszcz/work/erszcz/gradualizer/test/should_pass/variable_binding.erl
      dialyzer	ok
           etc	failed
   gradualizer	ok

/Users/erszcz/work/erszcz/gradualizer/test/should_pass/float.erl
      dialyzer	ok
           etc	ok
   gradualizer	ok

/Users/erszcz/work/erszcz/gradualizer/test/should_pass/map.erl
      dialyzer	ok
           etc	ok
   gradualizer	ok

/Users/erszcz/work/erszcz/gradualizer/test/should_pass/list_exhaustiveness_checking_regressions.erl
      dialyzer	ok
           etc	ok
   gradualizer	ok

/Users/erszcz/work/erszcz/gradualizer/test/should_pass/type_pattern.erl
      dialyzer	ok
           etc	failed
   gradualizer	ok

/Users/erszcz/work/erszcz/gradualizer/test/should_pass/intersection_with_any_pass.erl
      dialyzer	ok
           etc	ok
   gradualizer	ok

/Users/erszcz/work/erszcz/gradualizer/test/should_pass/stuff_as_top.erl
      dialyzer	ok
           etc	failed
   gradualizer	ok

/Users/erszcz/work/erszcz/gradualizer/test/should_pass/bounded_funs.erl
      dialyzer	ok
           etc	failed
   gradualizer	ok

/Users/erszcz/work/erszcz/gradualizer/test/should_pass/var.erl
      dialyzer	ok
           etc	ok
   gradualizer	ok

/Users/erszcz/work/erszcz/gradualizer/test/should_pass/type_decl.erl
      dialyzer	ok
           etc	ok
   gradualizer	ok

/Users/erszcz/work/erszcz/gradualizer/test/should_pass/binary_exhaustiveness_checking.erl
      dialyzer	failed
           etc	failed
   gradualizer	ok

/Users/erszcz/work/erszcz/gradualizer/test/should_pass/map_as_argument_update.erl
      dialyzer	ok
           etc	failed
   gradualizer	ok

/Users/erszcz/work/erszcz/gradualizer/test/should_pass/scope.erl
      dialyzer	failed
           etc	ok
   gradualizer	ok

/Users/erszcz/work/erszcz/gradualizer/test/known_problems/should_pass/recursive_types.erl
      dialyzer	ok
           etc	failed
   gradualizer	failed

/Users/erszcz/work/erszcz/gradualizer/test/known_problems/should_pass/binary_exhaustiveness_checking_should_pass.erl
      dialyzer	ok
           etc	failed
   gradualizer	failed

/Users/erszcz/work/erszcz/gradualizer/test/known_problems/should_pass/rigid_type_variables_pass.erl
      dialyzer	ok
           etc	ok
   gradualizer	escript: exception error: no function clause matching 
                 gradualizer_int:int_type_to_range({var,0,'A'}) (src/gradualizer_int.erl, line 106)
  in function  gradualizer_int:negate_int_type/1 (src/gradualizer_int.erl, line 95)
  in call from typechecker:do_type_check_expr/2 (src/typechecker.erl, line 1868)
  in call from typechecker:type_check_expr/2 (src/typechecker.erl, line 1550)
  in call from typechecker:do_type_check_expr_in/3 (src/typechecker.erl, line 2329)
  in call from typechecker:type_check_expr_in/3 (src/typechecker.erl, line 2320)
  in call from typechecker:check_clause/5 (src/typechecker.erl, line 3580)
  in call from typechecker:'-check_clauses/5-fun-0-'/4 (src/typechecker.erl, line 3488)
failed

/Users/erszcz/work/erszcz/gradualizer/test/known_problems/should_pass/fun_subtyping.erl
      dialyzer	ok
           etc	ok
   gradualizer	failed

/Users/erszcz/work/erszcz/gradualizer/test/known_problems/should_pass/arith_op_arg_types.erl
      dialyzer	ok
           etc	ok
   gradualizer	failed

/Users/erszcz/work/erszcz/gradualizer/test/known_problems/should_pass/intersection.erl
      dialyzer	ok
           etc	ok
   gradualizer	failed

/Users/erszcz/work/erszcz/gradualizer/test/known_problems/should_pass/refine_bound_var_on_mismatch.erl
      dialyzer	ok
           etc	ok
   gradualizer	failed

/Users/erszcz/work/erszcz/gradualizer/test/known_problems/should_pass/error_in_guard.erl
      dialyzer	ok
           etc	failed
   gradualizer	failed

/Users/erszcz/work/erszcz/gradualizer/test/known_problems/should_pass/map_update2.erl
      dialyzer	ok
           etc	failed
   gradualizer	failed

/Users/erszcz/work/erszcz/gradualizer/test/known_problems/should_pass/type_vars.erl
      dialyzer	ok
           etc	ok
   gradualizer	failed

/Users/erszcz/work/erszcz/gradualizer/test/known_problems/should_pass/refine_list_tail.erl
      dialyzer	ok
           etc	ok
   gradualizer	failed

/Users/erszcz/work/erszcz/gradualizer/test/known_problems/should_pass/list_tail.erl
      dialyzer	failed
           etc	failed
   gradualizer	failed

/Users/erszcz/work/erszcz/gradualizer/test/known_problems/should_pass/intersection_with_any.erl
      dialyzer	ok
           etc	ok
   gradualizer	failed

/Users/erszcz/work/erszcz/gradualizer/test/known_problems/should_pass/map_union.erl
      dialyzer	ok
           etc	ok
   gradualizer	failed

/Users/erszcz/work/erszcz/gradualizer/test/known_problems/should_pass/generator_var_shadow.erl
      dialyzer	ok
           etc	failed
   gradualizer	failed

/Users/erszcz/work/erszcz/gradualizer/test/known_problems/should_pass/refine_mismatch_using_guard_bifs.erl
      dialyzer	ok
           etc	failed
   gradualizer	failed

/Users/erszcz/work/erszcz/gradualizer/test/should_fail/rel_op.erl
      dialyzer	failed
           etc	failed
   gradualizer	failed

/Users/erszcz/work/erszcz/gradualizer/test/should_fail/covariant_map_keys_fail.erl
      dialyzer	ok
           etc	ok
   gradualizer	failed

/Users/erszcz/work/erszcz/gradualizer/test/should_fail/record_field.erl
      dialyzer	failed
           etc	failed
   gradualizer	failed

/Users/erszcz/work/erszcz/gradualizer/test/should_fail/record_update.erl
      dialyzer	failed
           etc	failed
   gradualizer	failed

/Users/erszcz/work/erszcz/gradualizer/test/should_fail/record_info_fail.erl
      dialyzer	failed
           etc	failed
   gradualizer	failed

/Users/erszcz/work/erszcz/gradualizer/test/should_fail/map_pattern_fail.erl
      dialyzer	failed
           etc	failed
   gradualizer	failed

/Users/erszcz/work/erszcz/gradualizer/test/should_fail/list_infer_fail.erl
      dialyzer	failed
           etc	failed
   gradualizer	failed

/Users/erszcz/work/erszcz/gradualizer/test/should_fail/pp_intersection.erl
      dialyzer	failed
           etc	failed
   gradualizer	failed

/Users/erszcz/work/erszcz/gradualizer/test/should_fail/unreachable_after_refinement.erl
      dialyzer	ok
           etc	ok
   gradualizer	failed

/Users/erszcz/work/erszcz/gradualizer/test/should_fail/match.erl
      dialyzer	failed
           etc	failed
   gradualizer	failed

/Users/erszcz/work/erszcz/gradualizer/test/should_fail/literal_patterns.erl
      dialyzer	failed
           etc	failed
   gradualizer	failed

/Users/erszcz/work/erszcz/gradualizer/test/should_fail/operator_pattern_fail.erl
      dialyzer	failed
           etc	failed
   gradualizer	failed

/Users/erszcz/work/erszcz/gradualizer/test/should_fail/tuple_union_refinement.erl
      dialyzer	ok
           etc	ok
   gradualizer	failed

/Users/erszcz/work/erszcz/gradualizer/test/should_fail/call.erl
      dialyzer	failed
           etc	failed
   gradualizer	failed

/Users/erszcz/work/erszcz/gradualizer/test/should_fail/no_idempotent_xor.erl
      dialyzer	ok
           etc	ok
   gradualizer	failed

/Users/erszcz/work/erszcz/gradualizer/test/should_fail/messaging_fail.erl
      dialyzer	failed
           etc	failed
   gradualizer	failed

/Users/erszcz/work/erszcz/gradualizer/test/should_fail/exhaustiveness_check_toggling.erl
      dialyzer	ok
           etc	failed
   gradualizer	failed

/Users/erszcz/work/erszcz/gradualizer/test/should_fail/map_literal.erl
      dialyzer	failed
           etc	failed
   gradualizer	failed

/Users/erszcz/work/erszcz/gradualizer/test/should_fail/bc_fail.erl
      dialyzer	failed
           etc	failed
   gradualizer	failed

/Users/erszcz/work/erszcz/gradualizer/test/should_fail/send_fail.erl
      dialyzer	ok
           etc	ok
   gradualizer	failed

/Users/erszcz/work/erszcz/gradualizer/test/should_fail/map_type_error.erl
      dialyzer	failed
           etc	failed
   gradualizer	failed

/Users/erszcz/work/erszcz/gradualizer/test/should_fail/record_refinement_fail.erl
      dialyzer	failed
           etc	failed
   gradualizer	failed

/Users/erszcz/work/erszcz/gradualizer/test/should_fail/branch.erl
      dialyzer	ok
           etc	failed
   gradualizer	failed

/Users/erszcz/work/erszcz/gradualizer/test/should_fail/logic_op.erl
      dialyzer	failed
           etc	failed
   gradualizer	failed

/Users/erszcz/work/erszcz/gradualizer/test/should_fail/union_with_any.erl
      dialyzer	ok
           etc	failed
   gradualizer	failed

/Users/erszcz/work/erszcz/gradualizer/test/should_fail/catch_expr_fail.erl
      dialyzer	ok
           etc	failed
   gradualizer	failed

/Users/erszcz/work/erszcz/gradualizer/test/should_fail/shortcut_ops_fail.erl
      dialyzer	ok
           etc	failed
   gradualizer	failed

/Users/erszcz/work/erszcz/gradualizer/test/should_fail/exhaustive_user_type.erl
      dialyzer	ok
           etc	failed
   gradualizer	failed

/Users/erszcz/work/erszcz/gradualizer/test/should_fail/exhaustive_type.erl
      dialyzer	ok
           etc	ok
   gradualizer	failed

/Users/erszcz/work/erszcz/gradualizer/test/should_fail/tuple_union_fail.erl
      dialyzer	failed
           etc	failed
   gradualizer	failed

/Users/erszcz/work/erszcz/gradualizer/test/should_fail/record_index.erl
      dialyzer	failed
           etc	failed
   gradualizer	failed

/Users/erszcz/work/erszcz/gradualizer/test/should_fail/arg.erl
      dialyzer	failed
           etc	failed
   gradualizer	failed

/Users/erszcz/work/erszcz/gradualizer/test/should_fail/intersection_check.erl
      dialyzer	failed
           etc	failed
   gradualizer	failed

/Users/erszcz/work/erszcz/gradualizer/test/should_fail/arity_mismatch.erl
      dialyzer	failed
           etc	failed
   gradualizer	failed

/Users/erszcz/work/erszcz/gradualizer/test/should_fail/named_fun_fail.erl
      dialyzer	failed
           etc	failed
   gradualizer	failed

/Users/erszcz/work/erszcz/gradualizer/test/should_fail/exhaustive_float.erl
      dialyzer	ok
           etc	failed
   gradualizer	failed

/Users/erszcz/work/erszcz/gradualizer/test/should_fail/list_op.erl
      dialyzer	failed
           etc	failed
   gradualizer	failed

/Users/erszcz/work/erszcz/gradualizer/test/should_fail/map_field_invalid_update.erl
      dialyzer	failed
           etc	failed
   gradualizer	failed

/Users/erszcz/work/erszcz/gradualizer/test/should_fail/opaque_fail.erl
      dialyzer	ok
           etc	failed
   gradualizer	failed

/Users/erszcz/work/erszcz/gradualizer/test/should_fail/map_failing_expr.erl
      dialyzer	failed
           etc	failed
   gradualizer	failed

/Users/erszcz/work/erszcz/gradualizer/test/should_fail/list_union_fail.erl
      dialyzer	failed
           etc	failed
   gradualizer	failed

/Users/erszcz/work/erszcz/gradualizer/test/should_fail/record_wildcard_fail.erl
      dialyzer	failed
           etc	failed
   gradualizer	failed

/Users/erszcz/work/erszcz/gradualizer/test/should_fail/lc_not_list.erl
      dialyzer	failed
           etc	failed
   gradualizer	failed

/Users/erszcz/work/erszcz/gradualizer/test/should_fail/map_fail.erl
      dialyzer	ok
           etc	ok
   gradualizer	failed

/Users/erszcz/work/erszcz/gradualizer/test/should_fail/return_fun_fail.erl
      dialyzer	ok
           etc	failed
   gradualizer	failed

/Users/erszcz/work/erszcz/gradualizer/test/should_fail/tuple_union_arg.erl
      dialyzer	ok
           etc	ok
   gradualizer	failed

/Users/erszcz/work/erszcz/gradualizer/test/should_fail/generator.erl
      dialyzer	failed
           etc	failed
   gradualizer	failed

/Users/erszcz/work/erszcz/gradualizer/test/should_fail/exhaustive_refinable_map_variants.erl
      dialyzer	ok
           etc	ok
   gradualizer	failed

/Users/erszcz/work/erszcz/gradualizer/test/should_fail/map_entry.erl
      dialyzer	failed
           etc	ok
   gradualizer	failed

/Users/erszcz/work/erszcz/gradualizer/test/should_fail/guard_fail.erl
      dialyzer	ok
           etc	failed
   gradualizer	failed

/Users/erszcz/work/erszcz/gradualizer/test/should_fail/pattern_record_fail.erl
      dialyzer	failed
           etc	failed
   gradualizer	failed

/Users/erszcz/work/erszcz/gradualizer/test/should_fail/case_pattern2.erl
      dialyzer	ok
           etc	failed
   gradualizer	failed

/Users/erszcz/work/erszcz/gradualizer/test/should_fail/string_literal.erl
      dialyzer	failed
           etc	failed
   gradualizer	failed

/Users/erszcz/work/erszcz/gradualizer/test/should_fail/depth.erl
      dialyzer	failed
           etc	ok
   gradualizer	failed

/Users/erszcz/work/erszcz/gradualizer/test/should_fail/bin_expression.erl
      dialyzer	failed
           etc	failed
   gradualizer	failed

/Users/erszcz/work/erszcz/gradualizer/test/should_fail/tuple_union_pattern.erl
      dialyzer	ok
           etc	failed
   gradualizer	failed

/Users/erszcz/work/erszcz/gradualizer/test/should_fail/map_failing_subtyping.erl
      dialyzer	failed
           etc	failed
   gradualizer	failed

/Users/erszcz/work/erszcz/gradualizer/test/should_fail/nonempty_list_match_in_head_nonexhaustive.erl
      dialyzer	ok
           etc	failed
   gradualizer	failed

/Users/erszcz/work/erszcz/gradualizer/test/should_fail/unary_plus_fail.erl
      dialyzer	failed
           etc	failed
   gradualizer	failed

/Users/erszcz/work/erszcz/gradualizer/test/should_fail/record_exhaustive.erl
      dialyzer	ok
           etc	failed
   gradualizer	failed

/Users/erszcz/work/erszcz/gradualizer/test/should_fail/exhaustive.erl
      dialyzer	ok
           etc	failed
   gradualizer	failed

/Users/erszcz/work/erszcz/gradualizer/test/should_fail/lambda_not_fun.erl
      dialyzer	failed
           etc	failed
   gradualizer	failed

/Users/erszcz/work/erszcz/gradualizer/test/should_fail/record.erl
      dialyzer	failed
           etc	failed
   gradualizer	failed

/Users/erszcz/work/erszcz/gradualizer/test/should_fail/bin_type_error.erl
      dialyzer	failed
           etc	failed
   gradualizer	failed

/Users/erszcz/work/erszcz/gradualizer/test/should_fail/exhaustive_string_variants.erl
      dialyzer	ok
           etc	failed
   gradualizer	failed

/Users/erszcz/work/erszcz/gradualizer/test/should_fail/cyclic_type_vars.erl
      dialyzer	ok
           etc	ok
   gradualizer	failed

/Users/erszcz/work/erszcz/gradualizer/test/should_fail/recursive_types_failing.erl
      dialyzer	ok
           etc	failed
   gradualizer	failed

/Users/erszcz/work/erszcz/gradualizer/test/should_fail/type_refinement_fail.erl
      dialyzer	failed
           etc	ok
   gradualizer	failed

/Users/erszcz/work/erszcz/gradualizer/test/should_fail/intersection_infer.erl
      dialyzer	failed
           etc	failed
   gradualizer	failed

/Users/erszcz/work/erszcz/gradualizer/test/should_fail/infer_enabled.erl
      dialyzer	failed
           etc	failed
   gradualizer	failed

/Users/erszcz/work/erszcz/gradualizer/test/should_fail/case_pattern.erl
      dialyzer	ok
           etc	failed
   gradualizer	failed

/Users/erszcz/work/erszcz/gradualizer/test/should_fail/named_fun_infer_fail.erl
      dialyzer	failed
           etc	failed
   gradualizer	failed

/Users/erszcz/work/erszcz/gradualizer/test/should_fail/iodata_fail.erl
      dialyzer	failed
           etc	failed
   gradualizer	failed

/Users/erszcz/work/erszcz/gradualizer/test/should_fail/arith_op_fail.erl
      dialyzer	failed
           etc	failed
   gradualizer	failed

/Users/erszcz/work/erszcz/gradualizer/test/should_fail/nonempty_string_fail.erl
      dialyzer	failed
           etc	failed
   gradualizer	failed

/Users/erszcz/work/erszcz/gradualizer/test/should_fail/pattern.erl
      dialyzer	ok
           etc	failed
   gradualizer	failed

/Users/erszcz/work/erszcz/gradualizer/test/should_fail/unary_op.erl
      dialyzer	failed
           etc	failed
   gradualizer	failed

/Users/erszcz/work/erszcz/gradualizer/test/should_fail/branch2.erl
      dialyzer	ok
           etc	failed
   gradualizer	failed

/Users/erszcz/work/erszcz/gradualizer/test/should_fail/exhaustive_remote_user_type.erl
      dialyzer	ok
           etc	failed
   gradualizer	failed

/Users/erszcz/work/erszcz/gradualizer/test/should_fail/intersection_with_any_fail.erl
      dialyzer	ok
           etc	ok
   gradualizer	failed

/Users/erszcz/work/erszcz/gradualizer/test/should_fail/imported_undef.erl
      dialyzer	ok
           etc	failed
   gradualizer	failed

/Users/erszcz/work/erszcz/gradualizer/test/should_fail/literal_char.erl
      dialyzer	failed
           etc	failed
   gradualizer	failed

/Users/erszcz/work/erszcz/gradualizer/test/should_fail/exhaustive_list_variants.erl
      dialyzer	ok
           etc	failed
   gradualizer	failed

/Users/erszcz/work/erszcz/gradualizer/test/should_fail/nil.erl
      dialyzer	failed
           etc	failed
   gradualizer	failed

/Users/erszcz/work/erszcz/gradualizer/test/should_fail/annotated_types_fail.erl
      dialyzer	ok
           etc	failed
   gradualizer	failed

/Users/erszcz/work/erszcz/gradualizer/test/should_fail/cons.erl
      dialyzer	failed
           etc	failed
   gradualizer	failed

/Users/erszcz/work/erszcz/gradualizer/test/known_problems/should_fail/lambda_wrong_args.erl
      dialyzer	failed
           etc	failed
   gradualizer	ok

/Users/erszcz/work/erszcz/gradualizer/test/known_problems/should_fail/sample.erl
      dialyzer	ok
           etc	failed
   gradualizer	ok

/Users/erszcz/work/erszcz/gradualizer/test/known_problems/should_fail/rigid_type_variables_fail.erl
      dialyzer	ok
           etc	failed
   gradualizer	ok

/Users/erszcz/work/erszcz/gradualizer/test/known_problems/should_fail/exhaustive_remote_map_variants.erl
      dialyzer	ok
           etc	ok
   gradualizer	ok

/Users/erszcz/work/erszcz/gradualizer/test/known_problems/should_fail/guard_should_fail.erl
      dialyzer	ok
           etc	ok
   gradualizer	ok

/Users/erszcz/work/erszcz/gradualizer/test/known_problems/should_fail/exhaustive_map_variants.erl
      dialyzer	ok
           etc	ok
   gradualizer	ok

/Users/erszcz/work/erszcz/gradualizer/test/known_problems/should_fail/refine_ty_vars.erl
      dialyzer	ok
           etc	ok
   gradualizer	ok

/Users/erszcz/work/erszcz/gradualizer/test/known_problems/should_fail/infer_any_pattern.erl
      dialyzer	ok
           etc	failed
   gradualizer	ok

/Users/erszcz/work/erszcz/gradualizer/test/known_problems/should_fail/intersection_with_any_should_fail.erl
      dialyzer	failed
           etc	failed
   gradualizer	ok

/Users/erszcz/work/erszcz/gradualizer/test/known_problems/should_fail/exhaustive_argumentwise.erl
      dialyzer	ok
           etc	ok
   gradualizer	ok

/Users/erszcz/work/erszcz/gradualizer/test/known_problems/should_fail/arith_op.erl
      dialyzer	failed
           etc	failed
   gradualizer	ok

